Oct 16, 2015 9:11:31 PM Tempo.RequestHandler readNextCommand
INFO: User Entered: display
Oct 16, 2015 9:11:34 PM Tempo.RequestHandler readNextCommand
INFO: User Entered: display all
Oct 16, 2015 9:12:14 PM Tempo.RequestHandler readNextCommand
INFO: User Entered: add Buy food
Oct 16, 2015 9:12:25 PM Tempo.RequestHandler readNextCommand
INFO: User Entered: display all
Oct 16, 2015 9:12:47 PM Tempo.RequestHandler readNextCommand
INFO: User Entered: add tasks Buy food
Oct 16, 2015 9:12:52 PM Tempo.RequestHandler readNextCommand
INFO: User Entered: display all
Oct 16, 2015 9:12:57 PM Tempo.RequestHandler readNextCommand
INFO: User Entered: delete food
Oct 16, 2015 9:13:01 PM Tempo.RequestHandler readNextCommand
INFO: User Entered: delete 10
Oct 16, 2015 9:13:07 PM Tempo.RequestHandler readNextCommand
INFO: User Entered: remove 10
Oct 16, 2015 9:13:18 PM Tempo.RequestHandler readNextCommand
INFO: User Entered: disaply all
Oct 16, 2015 9:13:25 PM Tempo.RequestHandler readNextCommand
INFO: User Entered: search food
Oct 16, 2015 9:13:56 PM Tempo.RequestHandler readNextCommand
INFO: User Entered: seach Dinner
Oct 16, 2015 9:14:03 PM Tempo.RequestHandler readNextCommand
INFO: User Entered: search dinner
Oct 16, 2015 9:14:55 PM Tempo.RequestHandler readNextCommand
INFO: User Entered: display event
Oct 16, 2015 9:15:18 PM Tempo.RequestHandler readNextCommand
INFO: User Entered: display events
Oct 16, 2015 9:15:23 PM Tempo.RequestHandler readNextCommand
INFO: User Entered: display tasks
Oct 16, 2015 9:18:16 PM Tempo.RequestHandler readNextCommand
INFO: User Entered: search dinner
Oct 16, 2015 9:18:24 PM Tempo.RequestHandler readNextCommand
INFO: User Entered: search with
Oct 16, 2015 9:18:28 PM Tempo.RequestHandler readNextCommand
INFO: User Entered: search Buy
Oct 16, 2015 9:41:32 PM Tempo.RequestHandler readNextCommand
INFO: User Entered: exit
Oct 16, 2015 9:41:37 PM Tempo.RequestHandler readNextCommand
INFO: User Entered: display all
Oct 16, 2015 9:41:43 PM Tempo.RequestHandler readNextCommand
INFO: User Entered: search id 2
