Oct 22, 2015 10:39:38 PM Tempo.RequestHandler readNextCommand
INFO: User Entered: add event Eat from 11/10/2015 at 11:00 to 11/10/2015 at 12:00
Oct 22, 2015 10:40:08 PM Tempo.RequestHandler readNextCommand
INFO: User Entered: add task Hello
Oct 22, 2015 10:40:16 PM Tempo.RequestHandler readNextCommand
INFO: User Entered: add task due 15/10/2015
Oct 22, 2015 10:40:32 PM Tempo.RequestHandler readNextCommand
INFO: User Entered: display all
Oct 22, 2015 10:40:49 PM Tempo.RequestHandler readNextCommand
INFO: User Entered: display all
Oct 22, 2015 10:41:08 PM Tempo.RequestHandler readNextCommand
INFO: User Entered: add task THIS IS TO BE UNDOED
Oct 22, 2015 10:41:12 PM Tempo.RequestHandler readNextCommand
INFO: User Entered: display all
Oct 22, 2015 10:41:18 PM Tempo.RequestHandler readNextCommand
INFO: User Entered: undo
Oct 22, 2015 10:41:22 PM Tempo.RequestHandler readNextCommand
INFO: User Entered: display all
Oct 22, 2015 10:41:29 PM Tempo.RequestHandler readNextCommand
INFO: User Entered: undo
Oct 22, 2015 10:43:27 PM Tempo.RequestHandler readNextCommand
INFO: User Entered: add task hello hello
Oct 22, 2015 10:43:29 PM Tempo.RequestHandler readNextCommand
INFO: User Entered: add task ni hao
Oct 22, 2015 10:43:32 PM Tempo.RequestHandler readNextCommand
INFO: User Entered: display all
Oct 22, 2015 10:43:37 PM Tempo.RequestHandler readNextCommand
INFO: User Entered: undo
Oct 22, 2015 10:43:38 PM Tempo.RequestHandler readNextCommand
INFO: User Entered: display all
Oct 22, 2015 10:43:49 PM Tempo.RequestHandler readNextCommand
INFO: User Entered: undo
Oct 22, 2015 10:45:55 PM Tempo.RequestHandler readNextCommand
INFO: User Entered: add task hello
Oct 22, 2015 10:45:57 PM Tempo.RequestHandler readNextCommand
INFO: User Entered: add task ni hao
Oct 22, 2015 10:45:59 PM Tempo.RequestHandler readNextCommand
INFO: User Entered: display all
Oct 22, 2015 10:46:04 PM Tempo.RequestHandler readNextCommand
INFO: User Entered: undo
Oct 22, 2015 10:46:07 PM Tempo.RequestHandler readNextCommand
INFO: User Entered: display all
Oct 22, 2015 10:46:09 PM Tempo.RequestHandler readNextCommand
INFO: User Entered: undo
Oct 22, 2015 10:46:20 PM Tempo.RequestHandler readNextCommand
INFO: User Entered: display all
Oct 22, 2015 10:46:31 PM Tempo.RequestHandler readNextCommand
INFO: User Entered: update 0 name:HELLO
Oct 22, 2015 10:46:34 PM Tempo.RequestHandler readNextCommand
INFO: User Entered: display all
Oct 22, 2015 10:46:39 PM Tempo.RequestHandler readNextCommand
INFO: User Entered: undo
Oct 22, 2015 10:46:42 PM Tempo.RequestHandler readNextCommand
INFO: User Entered: display all
Oct 22, 2015 10:47:02 PM Tempo.RequestHandler readNextCommand
INFO: User Entered: add task hello hello due 11/15/2015
Oct 22, 2015 10:47:06 PM Tempo.RequestHandler readNextCommand
INFO: User Entered: display tasks
Oct 22, 2015 10:47:23 PM Tempo.RequestHandler readNextCommand
INFO: User Entered: update 1 name:HELLO
Oct 22, 2015 10:47:25 PM Tempo.RequestHandler readNextCommand
INFO: User Entered: display all
Oct 22, 2015 10:47:32 PM Tempo.RequestHandler readNextCommand
INFO: User Entered: undo
Oct 22, 2015 10:47:36 PM Tempo.RequestHandler readNextCommand
INFO: User Entered: display all
Oct 22, 2015 10:53:02 PM Tempo.RequestHandler readNextCommand
INFO: User Entered: add task to remove after this
Oct 22, 2015 10:53:05 PM Tempo.RequestHandler readNextCommand
INFO: User Entered: display all
Oct 22, 2015 10:53:16 PM Tempo.RequestHandler readNextCommand
INFO: User Entered: remove 0
Oct 22, 2015 10:53:19 PM Tempo.RequestHandler readNextCommand
INFO: User Entered: display all
